"2024-10-22 17:04:05,699 INFO  [restartedMain] com.karataspartners.legal_analysis.LegalAnalysisApplication:Starting LegalAnalysisApplication using Java 21.0.2 with PID 51540 (C:\Users\suleyman\OneDrive\Masaüstü\İş Projesi Backend\legal_analysis_backend\target\classes started by suleyman in C:\Users\suleyman\OneDrive\Masaüstü\İş Projesi Backend\legal_analysis_backend)
""2024-10-22 17:04:05,764 INFO  [restartedMain] com.karataspartners.legal_analysis.LegalAnalysisApplication:No active profile set, falling back to 1 default profile: "default"
""2024-10-22 17:04:05,888 INFO  [restartedMain] org.springframework.boot.devtools.env.DevToolsPropertyDefaultsPostProcessor:Devtools property defaults active! Set 'spring.devtools.add-properties' to 'false' to disable
""2024-10-22 17:04:05,888 INFO  [restartedMain] org.springframework.boot.devtools.env.DevToolsPropertyDefaultsPostProcessor:For additional web related logging consider setting the 'logging.level.web' property to 'DEBUG'
""2024-10-22 17:04:08,235 INFO  [restartedMain] org.springframework.boot.web.embedded.tomcat.TomcatWebServer:Tomcat initialized with port 8080 (http)
""2024-10-22 17:04:08,259 INFO  [restartedMain] org.apache.catalina.core.StandardService:Starting service [Tomcat]
""2024-10-22 17:04:08,260 INFO  [restartedMain] org.apache.catalina.core.StandardEngine:Starting Servlet engine: [Apache Tomcat/10.1.30]
""2024-10-22 17:04:08,340 INFO  [restartedMain] org.apache.catalina.core.ContainerBase.[Tomcat].[localhost].[/]:Initializing Spring embedded WebApplicationContext
""2024-10-22 17:04:08,341 INFO  [restartedMain] org.springframework.boot.web.servlet.context.ServletWebServerApplicationContext:Root WebApplicationContext: initialization completed in 2451 ms
""2024-10-22 17:04:08,878 INFO  [restartedMain] org.springframework.boot.devtools.autoconfigure.OptionalLiveReloadServer:LiveReload server is running on port 35729
""2024-10-22 17:04:08,894 DEBUG [restartedMain] org.springframework.context.support.DefaultLifecycleProcessor:Starting beans in phase -2147483647
""2024-10-22 17:04:08,895 DEBUG [restartedMain] org.springframework.context.support.DefaultLifecycleProcessor:Successfully started bean 'springBootLoggingLifecycle'
""2024-10-22 17:04:08,895 DEBUG [restartedMain] org.springframework.context.support.DefaultLifecycleProcessor:Starting beans in phase 2147481599
""2024-10-22 17:04:08,924 INFO  [restartedMain] org.springframework.boot.web.embedded.tomcat.TomcatWebServer:Tomcat started on port 8080 (http) with context path ''
""2024-10-22 17:04:08,926 DEBUG [restartedMain] org.springframework.context.support.DefaultLifecycleProcessor:Successfully started bean 'webServerStartStop'
""2024-10-22 17:04:08,926 DEBUG [restartedMain] org.springframework.context.support.DefaultLifecycleProcessor:Starting beans in phase 2147482623
""2024-10-22 17:04:08,926 DEBUG [restartedMain] org.springframework.context.support.DefaultLifecycleProcessor:Successfully started bean 'webServerGracefulShutdown'
""2024-10-22 17:04:08,926 DEBUG [restartedMain] org.springframework.context.support.DefaultLifecycleProcessor:Starting beans in phase 2147483647
""2024-10-22 17:04:08,936 INFO  [restartedMain] com.karataspartners.legal_analysis.LegalAnalysisApplication:Started LegalAnalysisApplication in 4.117 seconds (process running for 5.053)
""2024-10-22 17:04:14,236 INFO  [http-nio-8080-exec-2] org.apache.catalina.core.ContainerBase.[Tomcat].[localhost].[/]:Initializing Spring DispatcherServlet 'dispatcherServlet'
""2024-10-22 17:34:15,656 DEBUG [SpringApplicationShutdownHook] org.springframework.context.support.DefaultLifecycleProcessor:Stopping beans in phase 2147483647
""2024-10-22 17:34:15,702 DEBUG [SpringApplicationShutdownHook] org.springframework.context.support.DefaultLifecycleProcessor:Bean 'applicationTaskExecutor' completed its stop procedure
""2024-10-22 17:34:15,705 DEBUG [SpringApplicationShutdownHook] org.springframework.context.support.DefaultLifecycleProcessor:Stopping beans in phase 2147482623
""2024-10-22 17:34:15,768 DEBUG [SpringApplicationShutdownHook] org.springframework.context.support.DefaultLifecycleProcessor:Bean 'webServerGracefulShutdown' completed its stop procedure
""2024-10-22 17:34:15,768 DEBUG [SpringApplicationShutdownHook] org.springframework.context.support.DefaultLifecycleProcessor:Stopping beans in phase 2147481599
""2024-10-22 17:34:15,880 DEBUG [SpringApplicationShutdownHook] org.springframework.context.support.DefaultLifecycleProcessor:Bean 'webServerStartStop' completed its stop procedure
""2024-10-22 17:34:15,880 DEBUG [SpringApplicationShutdownHook] org.springframework.context.support.DefaultLifecycleProcessor:Stopping beans in phase -2147483647
""2024-10-22 17:34:15,884 DEBUG [SpringApplicationShutdownHook] org.springframework.context.support.DefaultLifecycleProcessor:Bean 'springBootLoggingLifecycle' completed its stop procedure
"